Arguments: 
  C:\Program Files\nodejs\node.exe C:\Users\Carla Medeiros\AppData\Roaming\npm\node_modules\yarn\bin\yarn.js add [package] --dev

PATH: 
  C:\Users\Carla Medeiros\Desktop\desafio_fastapi_womakers\venv\Scripts;C:\Program Files\Common Files\Oracle\Java\javapath;C:\Program Files (x86)\Common Files\Oracle\Java\javapath;C:\WINDOWS\system32;C:\WINDOWS;C:\WINDOWS\System32\Wbem;C:\WINDOWS\System32\WindowsPowerShell\v1.0\;C:\WINDOWS\System32\OpenSSH\;C:\Program Files\nodejs\;C:\Program Files\Git\cmd;C:\Users\Carla Medeiros\AppData\Local\Programs\Python\Python311\Scripts\;C:\Users\Carla Medeiros\AppData\Local\Programs\Python\Python311\;C:\Users\Carla Medeiros\AppData\Local\Microsoft\WindowsApps;;C:\Microsoft VS Code\bin;C:\Users\Carla Medeiros\AppData\Roaming\npm;C:\Program Files\JetBrains\PyCharm Community Edition 2023.1.3\bin;

Yarn version: 
  1.22.19

Node version: 
  18.16.0

Platform: 
  win32 x64

Trace: 
  Error: https://registry.yarnpkg.com/[package]: Not found
      at params.callback [as _callback] (C:\Users\Carla Medeiros\AppData\Roaming\npm\node_modules\yarn\lib\cli.js:66145:18)
      at self.callback (C:\Users\Carla Medeiros\AppData\Roaming\npm\node_modules\yarn\lib\cli.js:140890:22)
      at Request.emit (node:events:513:28)
      at Request.<anonymous> (C:\Users\Carla Medeiros\AppData\Roaming\npm\node_modules\yarn\lib\cli.js:141862:10)
      at Request.emit (node:events:513:28)
      at IncomingMessage.<anonymous> (C:\Users\Carla Medeiros\AppData\Roaming\npm\node_modules\yarn\lib\cli.js:141784:12)
      at Object.onceWrapper (node:events:627:28)
      at IncomingMessage.emit (node:events:525:35)
      at endReadableNT (node:internal/streams/readable:1359:12)
      at process.processTicksAndRejections (node:internal/process/task_queues:82:21)

npm manifest: 
  {
    "name": "desafio_fastapi_womakers",
    "version": "1.0.0",
    "main": "index.js",
    "license": "MIT"
  }

yarn manifest: 
  No manifest

Lockfile: 
  # THIS IS AN AUTOGENERATED FILE. DO NOT EDIT THIS FILE DIRECTLY.
  # yarn lockfile v1
